<?xml version="1.0" encoding="UTF-8"?>
<testng-results ignored="1" total="2" passed="1" failed="0" skipped="0">
  <reporter-output>
  </reporter-output>
  <suite started-at="2022-07-01T12:12:38Z" name="Default suite" finished-at="2022-07-01T12:12:56Z" duration-ms="18105">
    <groups>
    </groups>
    <test started-at="2022-07-01T12:12:38Z" name="Default test" finished-at="2022-07-01T12:12:56Z" duration-ms="18105">
      <class name="test.TestBatches">
        <test-method signature="TestBatch1()[pri:0, instance:test.TestBatches@71870da7]" started-at="2022-07-01T12:12:38Z" name="TestBatch1" finished-at="2022-07-01T12:12:56Z" duration-ms="18021" status="PASS">
          <reporter-output>
          </reporter-output>
        </test-method> <!-- TestBatch1 -->
      </class> <!-- test.TestBatches -->
    </test> <!-- Default test -->
  </suite> <!-- Default suite -->
</testng-results>
